# JRE version: OpenJDK Runtime Environment (8.0_152-b01) (build 1.8.0_152-release-915-b01)
# Java VM: OpenJDK 64-Bit Server VM (25.152-b01 mixed mode windows-amd64 compressed oops)
Heap:
 PSYoungGen      total 425472K, used 29181K [0x00000000e0000000, 0x00000000feb00000, 0x0000000100000000)
  eden space 399360K, 0% used [0x00000000e0000000,0x00000000e03357d8,0x00000000f8600000)
  from space 26112K, 99% used [0x00000000fd180000,0x00000000feac9cf0,0x00000000feb00000)
  to   space 45568K, 0% used [0x00000000f9200000,0x00000000f9200000,0x00000000fbe80000)
 ParOldGen       total 116224K, used 88378K [0x00000000a0000000, 0x00000000a7180000, 0x00000000e0000000)
  object space 116224K, 76% used [0x00000000a0000000,0x00000000a564e8a0,0x00000000a7180000)
 Metaspace       used 82963K, capacity 88080K, committed 88280K, reserved 1126400K
  class space    used 10131K, capacity 11255K, committed 11264K, reserved 1048576K
GC Heap History (10 events):
Event: 5496.918 GC heap before
{Heap before GC invocations=38 (full 4):
 PSYoungGen      total 401920K, used 386293K [0x00000000e0000000, 0x00000000fd600000, 0x0000000100000000)
  eden space 354304K, 100% used [0x00000000e0000000,0x00000000f5a00000,0x00000000f5a00000)
  from space 47616K, 67% used [0x00000000f5a00000,0x00000000f793d798,0x00000000f8880000)
  to   space 48128K, 0% used [0x00000000fa700000,0x00000000fa700000,0x00000000fd600000)
 ParOldGen       total 116224K, used 88114K [0x00000000a0000000, 0x00000000a7180000, 0x00000000e0000000)
  object space 116224K, 75% used [0x00000000a0000000,0x00000000a560cad8,0x00000000a7180000)
 Metaspace       used 81936K, capacity 86212K, committed 86488K, reserved 1124352K
  class space    used 9998K, capacity 10953K, committed 11008K, reserved 1048576K
Event: 5497.550 GC heap after
Heap after GC invocations=38 (full 4):
 PSYoungGen      total 431616K, used 34709K [0x00000000e0000000, 0x00000000fe300000, 0x0000000100000000)
  eden space 383488K, 0% used [0x00000000e0000000,0x00000000e0000000,0x00000000f7680000)
  from space 48128K, 72% used [0x00000000fa700000,0x00000000fc8e57d0,0x00000000fd600000)
  to   space 49664K, 0% used [0x00000000f7680000,0x00000000f7680000,0x00000000fa700000)
 ParOldGen       total 116224K, used 88122K [0x00000000a0000000, 0x00000000a7180000, 0x00000000e0000000)
  object space 116224K, 75% used [0x00000000a0000000,0x00000000a560ead8,0x00000000a7180000)
 Metaspace       used 81936K, capacity 86212K, committed 86488K, reserved 1124352K
  class space    used 9998K, capacity 10953K, committed 11008K, reserved 1048576K
}
Event: 5547.265 GC heap before
{Heap before GC invocations=39 (full 4):
 PSYoungGen      total 431616K, used 418197K [0x00000000e0000000, 0x00000000fe300000, 0x0000000100000000)
  eden space 383488K, 100% used [0x00000000e0000000,0x00000000f7680000,0x00000000f7680000)
  from space 48128K, 72% used [0x00000000fa700000,0x00000000fc8e57d0,0x00000000fd600000)
  to   space 49664K, 0% used [0x00000000f7680000,0x00000000f7680000,0x00000000fa700000)
 ParOldGen       total 116224K, used 88122K [0x00000000a0000000, 0x00000000a7180000, 0x00000000e0000000)
  object space 116224K, 75% used [0x00000000a0000000,0x00000000a560ead8,0x00000000a7180000)
 Metaspace       used 82143K, capacity 86514K, committed 86872K, reserved 1124352K
  class space    used 10018K, capacity 11010K, committed 11136K, reserved 1048576K
Event: 5547.630 GC heap after
Heap after GC invocations=39 (full 4):
 PSYoungGen      total 433152K, used 22215K [0x00000000e0000000, 0x00000000ffc00000, 0x0000000100000000)
  eden space 383488K, 0% used [0x00000000e0000000,0x00000000e0000000,0x00000000f7680000)
  from space 49664K, 44% used [0x00000000f7680000,0x00000000f8c31c98,0x00000000fa700000)
  to   space 48128K, 0% used [0x00000000fcd00000,0x00000000fcd00000,0x00000000ffc00000)
 ParOldGen       total 116224K, used 88122K [0x00000000a0000000, 0x00000000a7180000, 0x00000000e0000000)
  object space 116224K, 75% used [0x00000000a0000000,0x00000000a560ead8,0x00000000a7180000)
 Metaspace       used 82143K, capacity 86514K, committed 86872K, reserved 1124352K
  class space    used 10018K, capacity 11010K, committed 11136K, reserved 1048576K
}
Event: 5664.501 GC heap before
{Heap before GC invocations=40 (full 4):
 PSYoungGen      total 433152K, used 405703K [0x00000000e0000000, 0x00000000ffc00000, 0x0000000100000000)
  eden space 383488K, 100% used [0x00000000e0000000,0x00000000f7680000,0x00000000f7680000)
  from space 49664K, 44% used [0x00000000f7680000,0x00000000f8c31c98,0x00000000fa700000)
  to   space 48128K, 0% used [0x00000000fcd00000,0x00000000fcd00000,0x00000000ffc00000)
 ParOldGen       total 116224K, used 88122K [0x00000000a0000000, 0x00000000a7180000, 0x00000000e0000000)
  object space 116224K, 75% used [0x00000000a0000000,0x00000000a560ead8,0x00000000a7180000)
 Metaspace       used 82601K, capacity 87542K, committed 87768K, reserved 1126400K
  class space    used 10099K, capacity 11160K, committed 11264K, reserved 1048576K
Event: 5664.875 GC heap after
Heap after GC invocations=40 (full 4):
 PSYoungGen      total 463872K, used 34639K [0x00000000e0000000, 0x00000000ff900000, 0x0000000100000000)
  eden space 418816K, 0% used [0x00000000e0000000,0x00000000e0000000,0x00000000f9900000)
  from space 45056K, 76% used [0x00000000fcd00000,0x00000000feed3d88,0x00000000ff900000)
  to   space 49152K, 0% used [0x00000000f9900000,0x00000000f9900000,0x00000000fc900000)
 ParOldGen       total 116224K, used 88122K [0x00000000a0000000, 0x00000000a7180000, 0x00000000e0000000)
  object space 116224K, 75% used [0x00000000a0000000,0x00000000a560ead8,0x00000000a7180000)
 Metaspace       used 82601K, capacity 87542K, committed 87768K, reserved 1126400K
  class space    used 10099K, capacity 11160K, committed 11264K, reserved 1048576K
}
Event: 5906.067 GC heap before
{Heap before GC invocations=41 (full 4):
 PSYoungGen      total 463872K, used 453455K [0x00000000e0000000, 0x00000000ff900000, 0x0000000100000000)
  eden space 418816K, 100% used [0x00000000e0000000,0x00000000f9900000,0x00000000f9900000)
  from space 45056K, 76% used [0x00000000fcd00000,0x00000000feed3d88,0x00000000ff900000)
  to   space 49152K, 0% used [0x00000000f9900000,0x00000000f9900000,0x00000000fc900000)
 ParOldGen       total 116224K, used 88122K [0x00000000a0000000, 0x00000000a7180000, 0x00000000e0000000)
  object space 116224K, 75% used [0x00000000a0000000,0x00000000a560ead8,0x00000000a7180000)
 Metaspace       used 82750K, capacity 87772K, committed 88024K, reserved 1126400K
  class space    used 10113K, capacity 11205K, committed 11264K, reserved 1048576K
Event: 5906.389 GC heap after
Heap after GC invocations=41 (full 4):
 PSYoungGen      total 467968K, used 28908K [0x00000000e0000000, 0x0000000100000000, 0x0000000100000000)
  eden space 418816K, 0% used [0x00000000e0000000,0x00000000e0000000,0x00000000f9900000)
  from space 49152K, 58% used [0x00000000f9900000,0x00000000fb53b060,0x00000000fc900000)
  to   space 47616K, 0% used [0x00000000fd180000,0x00000000fd180000,0x0000000100000000)
 ParOldGen       total 116224K, used 88154K [0x00000000a0000000, 0x00000000a7180000, 0x00000000e0000000)
  object space 116224K, 75% used [0x00000000a0000000,0x00000000a5616ad8,0x00000000a7180000)
 Metaspace       used 82750K, capacity 87772K, committed 88024K, reserved 1126400K
  class space    used 10113K, capacity 11205K, committed 11264K, reserved 1048576K
}
Event: 9035.460 GC heap before
{Heap before GC invocations=42 (full 4):
 PSYoungGen      total 467968K, used 447724K [0x00000000e0000000, 0x0000000100000000, 0x0000000100000000)
  eden space 418816K, 100% used [0x00000000e0000000,0x00000000f9900000,0x00000000f9900000)
  from space 49152K, 58% used [0x00000000f9900000,0x00000000fb53b060,0x00000000fc900000)
  to   space 47616K, 0% used [0x00000000fd180000,0x00000000fd180000,0x0000000100000000)
 ParOldGen       total 116224K, used 88154K [0x00000000a0000000, 0x00000000a7180000, 0x00000000e0000000)
  object space 116224K, 75% used [0x00000000a0000000,0x00000000a5616ad8,0x00000000a7180000)
 Metaspace       used 82953K, capacity 88080K, committed 88280K, reserved 1126400K
  class space    used 10131K, capacity 11255K, committed 11264K, reserved 1048576K
Event: 9037.204 GC heap after
Heap after GC invocations=42 (full 4):
 PSYoungGen      total 425472K, used 25895K [0x00000000e0000000, 0x00000000feb00000, 0x0000000100000000)
  eden space 399360K, 0% used [0x00000000e0000000,0x00000000e0000000,0x00000000f8600000)
  from space 26112K, 99% used [0x00000000fd180000,0x00000000feac9cf0,0x00000000feb00000)
  to   space 45568K, 0% used [0x00000000f9200000,0x00000000f9200000,0x00000000fbe80000)
 ParOldGen       total 116224K, used 88378K [0x00000000a0000000, 0x00000000a7180000, 0x00000000e0000000)
  object space 116224K, 76% used [0x00000000a0000000,0x00000000a564e8a0,0x00000000a7180000)
 Metaspace       used 82953K, capacity 88080K, committed 88280K, reserved 1126400K
  class space    used 10131K, capacity 11255K, committed 11264K, reserved 1048576K
}

